<?xml version="1.0" encoding="UTF-8"?>
<testsuite xmlns:xsi="http://www.w3.org/2001/XMLSchema-instance" xsi:noNamespaceSchemaLocation="https://maven.apache.org/surefire/maven-surefire-plugin/xsd/surefire-test-report-3.0.xsd" version="3.0" name="StatsServiceTest" time="0.504" tests="8" errors="0" skipped="0" failures="0">
  <properties>
[...]
</properties>
  <testcase name="shouldCalculateNumberOfMonthWithMaxPurchases" classname="StatsServiceTest" time="0.296"/>
  <testcase name="shouldCalculateNumberOfMonthsOverAverageSum" classname="StatsServiceTest" time="0"/>
  <testcase name="shouldCalculateSum" classname="StatsServiceTest" time="0"/>
  <testcase name="shouldCalculateSum" classname="StatsServiceTest" time="0.008"/>
  <testcase name="shouldCalculateSum" classname="StatsServiceTest" time="0.008"/>
  <testcase name="shouldCalculateNumberOfMonthWithMinPurchases" classname="StatsServiceTest" time="0"/>
  <testcase name="shouldCalculateNumberOfMonthsUnderAverageSum" classname="StatsServiceTest" time="0.008"/>
  <testcase name="shouldCalculateAverageSum" classname="StatsServiceTest" time="0"/>
</testsuite>